<?xml version="1.0" encoding="UTF-8"?>
<!-- Generated by org.testng.reporters.JUnitReportReporter -->
<testsuite hostname="DESKTOP-V8KCKRC" failures="0" tests="1" name="Basic.OrganizationsTest" time="33.070" errors="0" timestamp="2024-03-22T10:35:43 IST" skipped="0">
  <testcase classname="Basic.OrganizationsTest" name="CreateOrganizationsTest" time="33.070"/>
  <system-out/>
</testsuite> <!-- Basic.OrganizationsTest -->
